[01:37:43] → AT+RST
[01:37:43] →
[01:37:43] →
[01:37:43] ← AT+RST
[01:37:43] ← OK
[01:37:43] ← WIFI DISCONNECT
[01:37:43] ←
[01:37:43] ← ets Jan 8 2013,rst cause:2,
[01:37:43] ← boot mode:(3,7)
[01:37:43] ←
[01:37:43] ← load 0x40100000, len 2592, room 16
[01:37:43] ← tail 0
[01:37:43] ← chksum 0xf3
[01:37:43] ← load 0x3ffe8000, len 764, room 8
[01:37:43] ← tail 4
[01:37:43] ← chksum 0x92
[01:37:43] ← load 0x3ffe82fc, len 676, room 4
[01:37:43] ← tail 0
[01:37:43] ← chk
[01:37:43] ← sum 0x22
[01:37:43] ← csum 0x22
[01:37:43] ← 2nd boot version : 1.7(5d6f877)
[01:37:43] ← SPI Speed : 80MHz
[01:37:43] ← SPI Mode : QIO
[01:37:43] ← SPI Flash Size & Map: 8Mbit(512KB+512KB)
[01:37:43] ← jump to run user1 @ 1000
[01:37:43] ←
[01:37:43] ← flash_id=0x16405e
[01:37:43] ← ret=214748364
[01:37:43] ← 7
[01:37:43] ← \x9Cbd`\x03{\xF3'\x07lp\xE8\x84\xE3\x03\xEC\x12\x83n\xEC\x92s\x83\xFBg|\xEC\x04\x8Cl\x8Exsd\x1Cc\x9B\x1B\x03\x04\x9F<\x03s\x9B\x03l\x9Cn\xE0\x0C\x82'\xE3\x00\x0Cl \x03\x8C\xE3r\x9Bd\x8Cl\x1B\xC4\x0C\x0C\x04$`\x02\xC4\xE3{\x93l\xE4$\x13\x8C\x04\x0C\x0Cd`\x03\x84\xE2s\xDBl\x0C\x8E\x9F\x00\x8C\x0C\x04$l`\x03rl\x87\x83{l\x8C\xDF\xE3\x8Cc\x0C\xEC\x84c\x8C#\x8F'\x18\x92\xE3\x03c\xEC\x8E\x1C\x9Fl\xC7s\x0E\x1Bc\xEC\xF3o\xEE\x80\x13no\xE2\x18\x03\x04\x03l\x03c\x03\x0C\x84\x8F\x8C\x0C\x84\xE4\x0C\x0C\xE4\x84\x0C\x8C\x8E\x1F\x80\xECl`\x03\x80\x02g\xFC\x00\xC4\x9F\xE3\xC4c\x04lld\x87\x87\x1B\x04c\x0C\x03\x03\x8C\xDF\xE3\x8C
[01:37:43] ← c\x0Cl\x04\xC4c\x1C;lsd
[01:37:43] ← ready
[01:37:43] ←
[01:37:43] → ATE0
[01:37:43] →
[01:37:43] →
[01:37:43] ← A
[01:37:43] ← TE0
[01:37:43] ← OK
[01:37:43] ←
[01:37:43] → AT+CIPMUX=1
[01:37:43] →
[01:37:43] →
[01:37:44] ← OK
[01:37:44] ←
[01:37:44] → AT+CIPRECVMODE=1
[01:37:44] →
[01:37:44] →
[01:37:44] ← OK
[01:37:44] ←
[01:37:44] → AT+CWMODE?
[01:37:44] →
[01:37:44] →
[01:37:44] ← +CWMODE:1
[01:37:44] ← OK
[01:37:44] ←
[01:37:44] → AT+CIPSTATUS
[01:37:44] →
[01:37:44] →
[01:37:44] ← STATUS:5
[01:37:44] ← OK
[01:37:44] ←
[01:37:44] → AT+CIPSTATUS
[01:37:44] →
[01:37:44] →
[01:37:44] ← STATUS:5
[01:37:44] ← OK
[01:37:44] ←
[01:37:45] → AT+CIPSTATUS
[01:37:45] →
[01:37:45] →
[01:37:45] ← STATUS:5
[01:37:45] ← OK
[01:37:45] ←
[01:37:46] → AT+CIPSTATUS
[01:37:46] →
[01:37:46] →
[01:37:46] ← STATUS:5
[01:37:46] ← OK
[01:37:46] ←
[01:37:46] ← WIFI CONNECTED
[01:37:46] ←
[01:37:47] → AT+CIPSTATUS
[01:37:47] →
[01:37:47] →
[01:37:47] ← STATUS:5
[01:37:47] ← OK
[01:37:47] ←
[01:37:47] ← WIFI GOT IP
[01:37:47] ←
[01:37:48] → AT+CIPSTATUS
[01:37:48] →
[01:37:48] →
[01:37:48] ← STATUS:2
[01:37:48] ← OK
[01:37:48] ←
[01:37:48] → AT+CIPSTART=4,"TCP","arduino.tips",80
[01:37:48] →
[01:37:48] →
[01:37:48] ← 4,CONNECT
[01:37:48] ← OK
[01:37:48] ←
[01:37:48] → AT+CIPSEND=4,32
[01:37:48] →
[01:37:48] →
[01:37:48] ← OK
[01:37:48] ← >
[01:37:48] → GET /asciilogo.txt HTTP/1.1
[01:37:48] →
[01:37:48] → Hos
[01:37:48] ← Recv 32 bytes
[01:37:48] ←
[01:37:48] ← SEND OK
[01:37:48] ←
[01:37:48] → AT+CIPSEND=4,32
[01:37:48] →
[01:37:48] →
[01:37:48] ← OK
[01:37:48] ← >
[01:37:48] → t: arduino.tips
[01:37:48] →
[01:37:48] → Connection: clo
[01:37:48] ← Recv 32 bytes
[01:37:48] ← SEND OK
[01:37:48] ←
[01:37:48] → AT+CIPSEND=4,6
[01:37:48] →
[01:37:48] →
[01:37:49] ← OK
[01:37:49] ← >
[01:37:49] → se
[01:37:49] →
[01:37:49] →
[01:37:49] →
[01:37:49] →
[01:37:49] ← Recv 6 bytes
[01:37:49] ←
[01:37:49] ← SEND OK
[01:37:49] ←
[01:37:49] → AT+CIPSTATUS
[01:37:49] →
[01:37:49] →
[01:37:49] ← STATUS:3
[01:37:49] ← +CIPSTATUS:4,"TCP","104.21.62.246",80,10625,0
[01:37:49] ← OK
[01:37:49] ←
[01:37:49] → AT+CIPRECVLEN?
[01:37:49] →
[01:37:49] →
[01:37:49] ← +CIPRECVLEN:0,0,0,0,0
[01:37:49] ← OK
[01:37:49] ←
[01:37:49] ← +IPD,4,1460
[01:37:49] ←
[01:37:49] → AT+CIPRECVDATA=4,32
[01:37:49] →
[01:37:49] →
[01:37:49] ← +IPD,4,2920
[01:37:49] ←
[01:37:49] ← +CIPRECVDATA,32:HTTP/1.1 200 OK
[01:37:49] ← Date: Wed, 16 J
[01:37:49] ← OK
[01:37:49] ←
[01:37:49] → AT+CIPRECVDATA=4,32
[01:37:49] →
[01:37:49] →
[01:37:49] ← +CIPRECVDATA,32:ul 2025 04:37:
[01:37:49] ← 49 GMT
[01:37:49] ← Content-Ty
[01:37:49] ← OK
[01:37:49] ←
[01:37:49] → AT+CIPRECVDATA=4,32
[01:37:49] →
[01:37:49] →
[01:37:49] ← +CIPRECVDATA,32:pe: text/plain
[01:37:49] ← Content-Length:
[01:37:49] ← OK
[01:37:49] ←
[01:37:49] → AT+CIPRECVDATA=4,32
[01:37:49] →
[01:37:49] →
[01:37:49] ← +CIPRECVDATA,32
[01:37:49] ← :2263
[01:37:49] ← Connecti
[01:37:49] ← on: close
[01:37:49] ← X-Amz-I
[01:37:49] ← OK
[01:37:49] ←
[01:37:49] → AT+CIPRECVDATA=4,32
[01:37:49] →
[01:37:49] →
[01:37:49] ← +CIPRECVDATA,32:d-2: J5SHb+7bJVkttlnrp/HoDUpEzfh
[01:37:49] ← OK
[01:37:49] ←
[01:37:49] → AT+CIPRECVDATA=4,32
[01:37:49] →
[01:37:49] →
[01:37:49] ← +CIPRECVDATA,32:zpBkousEt8MJtl
[01:37:49] ← OkJPghK6l5XWfdcJgN
[01:37:49] ← OK
[01:37:49] ←
[01:37:49] → AT+CIPRECVDATA=4,32
[01:37:49] →
[01:37:49] →
[01:37:49] ← +CIPRECVDATA,32:LUu7RsBWpEqqyg
[01:37:49] ← AKSZPeYk2zrBj18XFS
[01:37:49] ← OK
[01:37:49] ←
[01:37:49] → AT+CIPRECVDATA=4,32
[01:37:49] →
[01:37:49] →
[01:37:49] ← +CIPRECVDATA,32:GNNvI
[01:37:49] ← X-Amz-Request-Id: EC7VG
[01:37:49] ← 7G
[01:37:49] ← OK
[01:37:49] ←
[01:37:49] → AT+CIPRECVDATA=4,32
[01:37:49] →
[01:37:49] →
[01:37:49] ← +CIPRECVDATA,32:3C43J0QAD
[01:37:49] ← Last-Modified: Wed, 2
[01:37:49] ← OK
[01:37:49] ←
[01:37:49] → AT+CIPRECVDATA=4,32
[01:37:49] →
[01:37:49] →
[01:37:49] ← +CIPRECVDATA,32:3 Feb 2022 14:56:42 GMT
[01:37:49] ← Etag: "
[01:37:49] ← OK
[01:37:49] ←
[01:37:49] → AT+CIPRECVDATA=4,32
[01:37:49] →
[01:37:49] →
[01:37:49] ← +CIPRECVDATA,32:667cf48afcc12c38c8c1637947a04224
[01:37:49] ← OK
[01:37:49] ←
[01:37:49] → AT+CIPRECVDATA=4,32
[01:37:49] →
[01:37:49] →
[01:37:49] ← +CIPRECVDATA,32:"
[01:37:49] ← Server: cloudflare
[01:37:49] ← Cf-Cache-
[01:37:49] ← OK
[01:37:49] ←
[01:37:49] → AT+CIPRECVDATA=4,32
[01:37:49] →
[01:37:49] →
[01:37:49] ← +CIPRECVDATA,32:Statu
[01:37:49] ← s: DYNAMIC
[01:37:49] ← Nel: {"report_t
[01:37:49] ← OK
[01:37:49] ←
[01:37:49] → AT+CIPRECVDATA=4,32
[01:37:49] →
[01:37:49] →
[01:37:49] ← +CIPRECVDATA,32:o":"cf-nel","s
[01:37:49] ← uccess_fraction":0
[01:37:49] ← OK
[01:37:49] ←
[01:37:49] → AT+CIPRECVDATA=4,32
[01:37:49] →
[01:37:49] →
[01:37:49] ← +CIPRECVDATA,32:.0,"max_age":604800}
[01:37:49] ← Report-To:
[01:37:49] ← OK
[01:37:49] ←
[01:37:49] → AT+CIPRECVDATA=4,32
[01:37:49] →
[01:37:49] →
[01:37:49] ← +CIPRECVDATA,32: {"group":"cf-nel","max_age":604
[01:37:49] ← OK
[01:37:49] ←
[01:37:49] → AT+CIPRECVDATA=4,32
[01:37:49] →
[01:37:49] →
[01:37:49] ← +CIPRECVDATA,32:800,"endpoints
[01:37:49] ← ":[{"url":"https:/
[01:37:49] ← OK
[01:37:49] ←
[01:37:49] → AT+CIPRECVDATA=4,32
[01:37:49] →
[01:37:49] →
[01:37:49] ← +CIPRECVDATA,32:/a.nel.cloudfl
[01:37:49] ← are.com/report/v4?
[01:37:49] ← OK
[01:37:49] ←
[01:37:50] → AT+CIPRECVDATA=4,32
[01:37:50] →
[01:37:50] →
[01:37:50] ← +CIPRECVDATA,32:s=aNbdMNhXNRjS
[01:37:50] ← OnIFvOrcngrDRQAHhG
[01:37:50] ← OK
[01:37:50] ←
[01:37:50] → AT+CIPRECVDATA=4,32
[01:37:50] →
[01:37:50] →
[01:37:50] ← +CIPRECVDATA,32:ORuy%2FJ1XMOcldKySspMYrKjLcc9XlB
[01:37:50] ← OK
[01:37:50] ←
[01:37:50] → AT+CIPRECVDATA=4,32
[01:37:50] →
[01:37:50] →
[01:37:50] ← +CIPRECVDATA,32:YBkaKLSC6guRqV
[01:37:50] ← EZVfnABY7xWxQS9e9s
[01:37:50] ← OK
[01:37:50] ←
[01:37:50] → AT+CIPRECVDATA=4,32
[01:37:50] →
[01:37:50] →
[01:37:50] ← +CIPRECVDATA,32:3Zc8auAbEw%3D%
[01:37:50] ← 3D"}]}
[01:37:50] ← CF-RAY: 95
[01:37:50] ← OK
[01:37:50] ←
[01:37:50] → AT+CIPRECVDATA=4,32
[01:37:50] →
[01:37:50] →
[01:37:50] ← +CIPRECVDATA,32:fece747c78eede
[01:37:50] ← -GRU
[01:37:50] ← alt-svc: h3=
[01:37:50] ← OK
[01:37:50] ←
[01:37:50] → AT+CIPRECVDATA=4,32
[01:37:50] →
[01:37:50] →
[01:37:50] ← +CIPRECVDATA,32:":443"; ma=864
[01:37:50] ← 00
[01:37:50] ←
[01:37:50] ← OK
[01:37:50] ←
[01:37:50] → AT+CIPRECVDATA=4,32
[01:37:50] →
[01:37:50] →
[01:37:50] ← +CIPRECVDATA,32:`:;;;,`
[01:37:50] ← .:;
[01:37:50] ← OK
[01:37:50] ←
[01:37:50] → AT+CIPRECVDATA=4,32
[01:37:50] →
[01:37:50] →
[01:37:50] ← +CIPRECVDATA,32:;:.
[01:37:50] ← .;;;;;;;;
[01:37:50] ← OK
[01:37:50] ←
[01:37:50] → AT+CIPRECVDATA=4,32
[01:37:50] →
[01:37:50] →
[01:37:50] ← +C
[01:37:50] ← IPRECVDATA,32:;;;` :;;;;;;;;;;:
[01:37:50] ← OK
[01:37:50] ←
[01:37:50] → AT+CIPRECVDATA=4,32
[01:37:50] →
[01:37:50] →
[01:37:50] ← +CIPRECVDATA,32: TM
[01:37:50] ← `;;;;;;;;;;;;;;;`
[01:37:50] ← OK
[01:37:50] ←
[01:37:50] → AT+CIPRECVDATA=4,32
[01:37:50] →
[01:37:50] →
[01:37:50] ← +CIPRECVDATA,32: :;;;;;;;;;;;;;;;
[01:37:50] ← OK
[01:37:50] ←
[01:37:50] → AT+CIPRECVDATA=4,32
[01:37:50] →
[01:37:50] →
[01:37:50] ← +CIPRECVDATA,32:
[01:37:50] ← :;;;;;
[01:37:50] ← ;;;;;;;;;;;;;
[01:37:50] ← OK
[01:37:50] ←
[01:37:50] → AT+CIPRECVDATA=4,32
[01:37:50] →
[01:37:50] →
[01:37:50] ← +CIPRECVDATA,32: `;;;;;;;;;;;;
[01:37:50] ← ;;;;;;
[01:37:50] ←
[01:37:50] ← OK
[01:37:50] ←
[01:37:50] → AT+CIPRECVDATA=4,32
[01:37:50] →
[01:37:50] →
[01:37:50] ← +CIPRECVDATA,32: ;;;;;;;;;;;;;;;;;;;;; .;;
[01:37:50] ← OK
[01:37:50] ←
[01:37:50] → AT+CIPRECVDATA=4,32
[01:37:50] →
[01:37:50] →
[01:37:50] ← +CIPRECVDATA,32:;;;;;;;;;;;;;;
[01:37:50] ← ;;;;
[01:37:50] ← ;;;;;;
[01:37:50] ← OK
[01:37:50] ←
[01:37:50] → AT+CIPRECVDATA=4,32
[01:37:50] →
[01:37:50] →
[01:37:50] ← +CIPRECVDATA,32:;;:` `;;;;;;;;; ,;;;;;;;;.
[01:37:50] ← OK
[01:37:50] ←
[01:37:50] → AT+CIPRECVDATA=4,32
[01:37:50] →
[01:37:50] →
[01:37:50] ← +CIPRECVDATA,32:` .;;;;;;;;
[01:37:50] ←
[01:37:50] ← .;;;;;;,
[01:37:50] ← OK
[01:37:50] ←
[01:37:50] → AT+CIPRECVDATA=4,32
[01:37:50] →
[01:37:50] →
[01:37:50] ← +CIPRECV
[01:37:50] ← DATA,32: :;;;;;;; .;;;;;;;
[01:37:50] ← OK
[01:37:50] ←
[01:37:50] → AT+CIPRECVDATA=4,32
[01:37:50] →
[01:37:50] →
[01:37:50] ← +CIPRECVDATA,32: ;;;;;;;
[01:37:50] ← ;;;;;;
[01:37:50] ← OK
[01:37:50] ←
[01:37:50] → AT+CIPRECVDATA=4,32
[01:37:50] →
[01:37:50] →
[01:37:50] ← +CIPRECVDATA,32:;;;;;;; ;;;;;;, ;;;;
[01:37:50] ← OK
[01:37:50] ←
[01:37:50] → AT+CIPRECVDATA=4,32
[01:37:50] →
[01:37:50] →
[01:37:50] ← +CIPRECVDATA,32:;;.
[01:37:50] ← ,;;;;; ;;;;;
[01:37:50] ← OK
[01:37:50] ←
[01:37:50] → AT+CIPRECVDATA=4,32
[01:37:50] →
[01:37:50] →
[01:37:50] ← +CIPRECVDATA,32:;.;;;;;;`
[01:37:50] ← ;;;;;;
[01:37:50] ←
[01:37:50] ← OK
[01:37:50] ←
[01:37:50] → AT+CIPRECVDATA=4,32
[01:37:50] →
[01:37:50] →
[01:37:50] ← +CIPRECVDATA,32:;;;;;.
[01:37:50] ← ;;;;;;;;;;
[01:37:50] ← OK
[01:37:50] ←
[01:37:50] → AT+CIPRECVDATA=4,32
[01:37:50] →
[01:37:50] →
[01:37:50] ← +CIPRECVDATA,32:;` ``` ;;;;;`
[01:37:50] ← ;;;;;
[01:37:50] ← OK
[01:37:50] ←
[01:37:50] → AT+CIPRECVDATA=4,32
[01:37:50] →
[01:37:50] →
[01:37:50] ← +CIPRECVDATA,32: ;;;;;;;;;,
[01:37:50] ← OK
[01:37:50] ←
[01:37:50] → AT+CIPRECVDATA=4,32
[01:37:50] →
[01:37:50] →
[01:37:50] ← +CIPRECVDATA,32: ;;; .;
[01:37:50] ← ;;;;
[01:37:50] ← `;;;;:
[01:37:50] ← OK
[01:37:50] ←
[01:37:50] → AT+CIPRECVDATA=4,32
[01:37:50] →
[01:37:50] →
[01:37:50] ← +IPD,4,1611
[01:37:50] ← 4
[01:37:50] ← ,CLOSED
[01:37:50] ←
[01:37:50] ← +CIPRECVDATA,32: `;;
[01:37:50] ← ;;;;;; ;;;
[01:37:50] ← OK
[01:37:50] ←
[01:37:50] → AT+CIPRECVDATA=4,32
[01:37:50] →
[01:37:50] →
[01:37:50] ← +CIPRECVDATA,32: ;;;;;
[01:37:50] ← ,
[01:37:50] ← ;;;;` `,,,,,,,,
[01:37:50] ← OK
[01:37:50] ←
[01:37:50] → AT+CIPRECVDATA=4,32
[01:37:50] →
[01:37:50] →
[01:37:50] ← +CIPRECVDATA,32: ;;;;;;;
[01:37:50] ← .,,;;;,,,
[01:37:50] ← OK
[01:37:50] ←
[01:37:50] → AT+CIPRECVDATA=4,32
[01:37:50] →
[01:37:50] →
[01:37:50] ← +CIPRECVDATA,32: ;;;;;
[01:37:50] ← :;;;;` .;;;;;;;;
[01:37:50] ← OK
[01:37:50] ←
[01:37:51] → AT+CIPRECVDATA=4,32
[01:37:51] →
[01:37:51] →
[01:37:51] ← +CIPRECVDATA,32: ;;;;;, :
[01:37:51] ← ;;;;;;;; ;;;;;
[01:37:51] ← OK
[01:37:51] ←
[01:37:51] → AT+CIPRECVDATA=4,32
[01:37:51] →
[01:37:51] →
[01:37:51] ← +CIPRECVDATA,32:
[01:37:51] ← :;;;;` .;;
[01:37:51] ← ;;;;;; `;;;;;
[01:37:51] ← OK
[01:37:51] ←
[01:37:51] → AT+CIPRECVDATA=4,32
[01:37:51] →
[01:37:51] →
[01:37:51] ← +CIPRECVDATA,32:; :;;;;;;
[01:37:51] ← ;; ;;;;;
[01:37:51] ← .;;;;
[01:37:51] ← OK
[01:37:51] ←
[01:37:51] → AT+CIPRECVDATA=4,32
[01:37:51] →
[01:37:51] →
[01:37:51] ← +CIPRECVDATA,32:.
[01:37:51] ← ;;;;;;;.
[01:37:51] ← OK
[01:37:51] ←
[01:37:51] → AT+CIPRECVDATA=4,32
[01:37:51] →
[01:37:51] →
[01:37:51] ← +CIPRECVDATA,32: ;;;
[01:37:51] ← ;;;;;
[01:37:51] ← ;;;;;
[01:37:51] ← O
[01:37:51] ← K
[01:37:51] ←
[01:37:51] → AT+CIPRECVDATA=4,32
[01:37:51] →
[01:37:51] →
[01:37:51] ← +CIPRECVDATA,32: ;;;;;;;;; ;;
[01:37:51] ← OK
[01:37:51] ←
[01:37:51] → AT+CIPRECVDATA=4,32
[01:37:51] →
[01:37:51] →
[01:37:51] ← +CIPRECVDATA,32:; ;;;;;
[01:37:51] ← ;;;;;
[01:37:51] ← OK
[01:37:51] ←
[01:37:51] → AT+CIPRECVDATA=4,32
[01:37:51] →
[01:37:51] →
[01:37:51] ← +CIPRECVDATA,32: .;;;;;;;;;; ;;;
[01:37:51] ← OK
[01:37:51] ←
[01:37:51] → AT+CIPRECVDATA=4,32
[01:37:51] →
[01:37:51] →
[01:37:51] ← +CIPRECVDATA,32: ;;;;;,
[01:37:51] ← ;;;;;; `
[01:37:51] ← OK
[01:37:51] ←
[01:37:51] → AT+CIPRECVDATA=4,32
[01:37:51] →
[01:37:51] →
[01:37:51] ← +CIPRECVDATA,32:;;;;;;;;;;
[01:37:51] ← ;; ;;;;
[01:37:51] ← OK
[01:37:51] ←
[01:37:51] → AT+CIPRECVDATA=4,32
[01:37:51] →
[01:37:51] →
[01:37:51] ← +CIPRECVDATA,32:;
[01:37:51] ← `;;;;;,
[01:37:51] ← .;;;;;;
[01:37:51] ← OK
[01:37:51] ←
[01:37:51] → AT+CIPRECVDATA=4,32
[01:37:51] →
[01:37:51] →
[01:37:51] ← +CIPRECVDATA,32:;;;;;;;
[01:37:51] ← ;;;;;;
[01:37:51] ← ;
[01:37:51] ← OK
[01:37:51] ←
[01:37:51] → AT+CIPRECVDATA=4,32
[01:37:51] →
[01:37:51] →
[01:37:51] ← +CIPRECVDATA,32:;;;;;:
[01:37:51] ← :;;;;;;. ;;;;;
[01:37:51] ← OK
[01:37:51] ←
[01:37:51] → AT+CIPRECVDATA=4,32
[01:37:51] →
[01:37:51] →
[01:37:51] ← +CIPRECVDATA,32:;;
[01:37:51] ← ;;;;;;
[01:37:51] ← ;;;;;;
[01:37:51] ← OK
[01:37:51] ←
[01:37:51] → AT+CIPRECVDATA=4,32
[01:37:51] →
[01:37:51] →
[01:37:51] ← +CIPRECVDATA,32:;` .;;;;
[01:37:51] ← ;;;, ;;;;;;;;
[01:37:51] ← OK
[01:37:51] ←
[01:37:51] → AT+CIPRECVDATA=4,32
[01:37:51] →
[01:37:51] →
[01:37:51] ← +CIPRECVDATA,32: ;;;;;;;:
[01:37:51] ← ;;;;;;;;;:,
[01:37:51] ← OK
[01:37:51] ←
[01:37:51] → AT+CIPRECVDATA=4,32
[01:37:51] →
[01:37:51] →
[01:37:51] ← +CIPRECVDATA,32::;;;;;;;;;: ;;;;;;;;;;:,;;;
[01:37:51] ← OK
[01:37:51] ←
[01:37:51] → AT+CIPRECVDATA=4,32
[01:37:51] →
[01:37:51] →
[01:37:51] ← +CIPRECVDATA,32:;;;;;;;
[01:37:51] ← `;;;;;;;;;;;;;;;;
[01:37:51] ← OK
[01:37:51] ←
[01:37:51] → AT+CIPRECVDATA=4,32
[01:37:51] →
[01:37:51] →
[01:37:51] ← +CIPRECVDATA,32:;;;. ;;;;
[01:37:51] ← ;;;;;;;;;;;;;;;;
[01:37:51] ← OK
[01:37:51] ←
[01:37:51] → AT+CIPRECVDATA=4,32
[01:37:51] →
[01:37:51] →
[01:37:51] ← +CIPRECVDATA,32:
[01:37:51] ← ;;;
[01:37:51] ← ;;;;;;;;;;;;;;
[01:37:51] ← OK
[01:37:51] ←
[01:37:51] → AT+CIPRECVDATA=4,32
[01:37:51] →
[01:37:51] →
[01:37:51] ← +CIPRECVDATA,32: :;;;;;;
[01:37:51] ← ;;;;;;;;;;:
[01:37:51] ←
[01:37:51] ← OK
[01:37:51] ←
[01:37:51] → AT+CIPRECVDATA=4,32
[01:37:51] →
[01:37:51] →
[01:37:51] ← +CIPRECVDATA,32: ,;;;;;;;;;;;;;,
[01:37:51] ← OK
[01:37:51] ←
[01:37:51] → AT+CIPRECVDATA=4,32
[01:37:51] →
[01:37:51] →
[01:37:51] ← +CIPRECVDATA,32: ;;;;;;;;;;;
[01:37:51] ← ;;;
[01:37:51] ←
[01:37:51] ← OK
[01:37:51] ←
[01:37:51] → AT+CIPRECVDATA=4,32
[01:37:51] →
[01:37:51] →
[01:37:51] ← +CIPREC
[01:37:51] ← VDATA,32: .;;;;;;;;;` ,
[01:37:51] ← OK
[01:37:51] ←
[01:37:51] → AT+CIPRECVDATA=4,32
[01:37:51] →
[01:37:51] →
[01:37:51] ← +CIPRECVDATA,32:;;;;;;;;:
[01:37:51] ←
[01:37:51] ←
[01:37:51] ← OK
[01:37:51] ←
[01:37:51] → AT+CIPRECVDATA=4,32
[01:37:51] →
[01:37:51] →
[01:37:51] ← +CIPRECVDATA,32:
[01:37:51] ← OK
[01:37:51] ←
[01:37:51] → AT+CIPRECVDATA=4,32
[01:37:51] →
[01:37:51] →
[01:37:51] ← +CIPRECVDATA,32:
[01:37:51] ←
[01:37:51] ←
[01:37:51] ← OK
[01:37:51] ←
[01:37:51] → AT+CIPRECVDATA=4,32
[01:37:51] →
[01:37:51] →
[01:37:51] ← +CIPRECVDATA,32:
[01:37:51] ←
[01:37:51] ← OK
[01:37:51] ←
[01:37:52] → AT+CIPRECVDATA=4,32
[01:37:52] →
[01:37:52] →
[01:37:52] ← +CIPRECVDATA,32:
[01:37:52] ←
[01:37:52] ← OK
[01:37:52] ←
[01:37:52] → AT+CIPRECVDATA=4,32
[01:37:52] →
[01:37:52] →
[01:37:52] ← +CIPRECVDATA,32:
[01:37:52] ← OK
[01:37:52] ←
[01:37:52] → AT+CIPRECVDATA=4,32
[01:37:52] →
[01:37:52] →
[01:37:52] ← +CIPRECVDATA,32:
[01:37:52] ←
[01:37:52] ←
[01:37:52] ← OK
[01:37:52] ←
[01:37:52] → AT+CIPRECVDATA=4,32
[01:37:52] →
[01:37:52] →
[01:37:52] ← +CIPRECVDATA,32:
[01:37:52] ←
[01:37:52] ← ;
[01:37:52] ← OK
[01:37:52] ←
[01:37:52] → AT+CIPRECVDATA=4,32
[01:37:52] →
[01:37:52] →
[01:37:52] ← +CIPRECVDATA,32:;; ;;;;;` ;
[01:37:52] ← ;;;: .;; ;; ,;;;
[01:37:52] ← OK
[01:37:52] ←
[01:37:52] → AT+CIPRECVDATA=4,32
[01:37:52] →
[01:37:52] →
[01:37:52] ← +CIPRECVDATA,32:;;, ;;. `;, ;;;;
[01:37:52] ← ;;; ;
[01:37:52] ← OK
[01:37:52] ←
[01:37:52] → AT+CIPRECVDATA=4,32
[01:37:52] →
[01:37:52] →
[01:37:52] ← +CIPRECVDATA,32:;:;;; ;;;;;;
[01:37:52] ← .;; ;; ,;;;;;: ;;
[01:37:52] ← OK
[01:37:52] ←
[01:37:52] → AT+CIPRECVDATA=4,32
[01:37:52] →
[01:37:52] →
[01:37:52] ← +CIPRECVDATA,32:; `;, ;;;:;;
[01:37:52] ← ,;:; ;; ;;
[01:37:52] ← OK
[01:37:52] ←
[01:37:52] → AT+CIPRECVDATA=4,32
[01:37:52] →
[01:37:52] →
[01:37:52] ← +CIPRECVDATA,32: ;; ;; .;; ;; ,;, ;;;,
[01:37:52] ← `;,
[01:37:52] ← OK
[01:37:52] ←
[01:37:52] → AT+CIPRECVDATA=4,32
[01:37:52] →
[01:37:52] →
[01:37:52] ← +CIPRECVDATA,32:;; ;;
[01:37:52] ← ;;
[01:37:52] ← ;: ;; ;; ;; ;
[01:37:52] ← OK
[01:37:52] ←
[01:37:52] → AT+CIPRECVDATA=4,32
[01:37:52] →
[01:37:52] →
[01:37:52] ← +CIPRECVDATA,32:; .;; ;; ,;
[01:37:52] ← , ;;;;`;, ;; ;;
[01:37:52] ← OK
[01:37:52] ←
[01:37:52] → AT+CIPRECVDATA=4,32
[01:37:52] →
[01:37:52] →
[01:37:52] ← +CIPRECVDATA,32:.
[01:37:52] ← ;: ;; ;
[01:37:52] ← ;;;;: ;; ;; .;;
[01:37:52] ← OK
[01:37:52] ←
[01:37:52] → AT+CIPRECVDATA=4,32
[01:37:52] →
[01:37:52] →
[01:37:52] ← +CIPRECVDATA,32: ;; ,;, ;;`;;;, ;; ;;`
[01:37:52] ← ,
[01:37:52] ← OK
[01:37:52] ←
[01:37:52] → AT+CIPRECVDATA=4,32
[01:37:52] →
[01:37:52] →
[01:37:52] ← +CIPRECVDATA,32:;;;;; ;;`;;
[01:37:52] ← ;; ;; .;; ;;
[01:37:52] ← OK
[01:37:52] ←
[01:37:52] → AT+CIPRECVDATA=4,32
[01:37:52] →
[01:37:52] →
[01:37:52] ← +CIPRECVDATA,32:,;, ;; ;;;, ;; ;;
[01:37:52] ← ;; ,;,
[01:37:52] ← OK
[01:37:52] ←
[01:37:52] → AT+CIPRECVDATA=4,32
[01:37:52] →
[01:37:52] →
[01:37:52] ← +CIPRECVDATA,32: ;; .;; ;;;;;: ;;;;;: ,;;;;;:
[01:37:52] ← OK
[01:37:52] ←
[01:37:52] → AT+CIPRECVDATA=4,32
[01:37:52] →
[01:37:52] →
[01:37:52] ← +CIPRECVDATA,32:;; ;;, ;;;;;;
[01:37:52] ←
[01:37:52] ← ;; ;; ;; ;
[01:37:52] ← OK
[01:37:52] ←
[01:37:52] → AT+CIPRECVDATA=4,32
[01:37:52] →
[01:37:52] →
[01:37:52] ← +CIPRECVDATA,32:;` ;;;;. `;;;: ,;;;;;, ;; ;;
[01:37:52] ←
[01:37:52] ← OK
[01:37:52] ←
[01:37:52] → AT+CIPRECVDATA=4,32
[01:37:52] →
[01:37:52] →
[01:37:52] ← +CIPRECVDATA,11:, ;;;;
[01:37:52] ← O
[01:37:52] ← K
[01:37:52] ←